************* SYNTAX TREE PRINTOUT ***********

  +-[IDNode,0,"x4"]
R-[ProgramOp]
  |   +-[IDNode,31,"Test"]
  | +-[ClassDefOp]
  | | |             +-[DUMMYnode]
  | | |           +-[CommaOp]
  | | |           | |   +-[DUMMYnode]
  | | |           | | +-[SelectOp]
  | | |           | | | | +-[DUMMYnode]
  | | |           | | | +-[FieldOp]
  | | |           | | |   +-[IDNode,9,"npoints"]
  | | |           | +-[VarOp]
  | | |           |   +-[IDNode,51,"p"]
  | | |         +-[CommaOp]
  | | |         | +-[STRINGNode,87,"p.root="]
  | | |       +-[RoutineCallOp]
  | | |       | |   +-[DUMMYnode]
  | | |       | | +-[SelectOp]
  | | |       | | | | +-[DUMMYnode]
  | | |       | | | +-[FieldOp]
  | | |       | | |   +-[IDNode,60,"println"]
  | | |       | +-[VarOp]
  | | |       |   +-[IDNode,53,"System"]
  | | |     +-[StmtOp]
  | | |     | |           +-[DUMMYnode]
  | | |     | |         +-[CommaOp]
  | | |     | |         | |   +-[DUMMYnode]
  | | |     | |         | | +-[SelectOp]
  | | |     | |         | | | | +-[DUMMYnode]
  | | |     | |         | | | +-[FieldOp]
  | | |     | |         | | |   +-[IDNode,19,"y"]
  | | |     | |         | +-[VarOp]
  | | |     | |         |   +-[IDNode,51,"p"]
  | | |     | |       +-[CommaOp]
  | | |     | |       | +-[STRINGNode,82,"p.y="]
  | | |     | |     +-[CommaOp]
  | | |     | |     | |   +-[DUMMYnode]
  | | |     | |     | | +-[SelectOp]
  | | |     | |     | | | | +-[DUMMYnode]
  | | |     | |     | | | +-[FieldOp]
  | | |     | |     | | |   +-[IDNode,17,"x"]
  | | |     | |     | +-[VarOp]
  | | |     | |     |   +-[IDNode,51,"p"]
  | | |     | |   +-[CommaOp]
  | | |     | |   | +-[STRINGNode,77,"p.x="]
  | | |     | | +-[RoutineCallOp]
  | | |     | | | |   +-[DUMMYnode]
  | | |     | | | | +-[SelectOp]
  | | |     | | | | | | +-[DUMMYnode]
  | | |     | | | | | +-[FieldOp]
  | | |     | | | | |   +-[IDNode,60,"println"]
  | | |     | | | +-[VarOp]
  | | |     | | |   +-[IDNode,53,"System"]
  | | |     | +-[StmtOp]
  | | |     |   |       +-[DUMMYnode]
  | | |     |   |     +-[CommaOp]
  | | |     |   |     | |   +-[DUMMYnode]
  | | |     |   |     | | +-[SelectOp]
  | | |     |   |     | | | | +-[DUMMYnode]
  | | |     |   |     | | | +-[FieldOp]
  | | |     |   |     | | |   +-[IDNode,9,"npoints"]
  | | |     |   |     | +-[VarOp]
  | | |     |   |     |   +-[IDNode,3,"Point"]
  | | |     |   |   +-[CommaOp]
  | | |     |   |   | +-[STRINGNode,68,"npoints="]
  | | |     |   | +-[RoutineCallOp]
  | | |     |   | | |   +-[DUMMYnode]
  | | |     |   | | | +-[SelectOp]
  | | |     |   | | | | | +-[DUMMYnode]
  | | |     |   | | | | +-[FieldOp]
  | | |     |   | | | |   +-[IDNode,60,"println"]
  | | |     |   | | +-[VarOp]
  | | |     |   | |   +-[IDNode,53,"System"]
  | | |     |   +-[StmtOp]
  | | |     |     +-[DUMMYnode]
  | | |   +-[BodyOp]
  | | |   | |       +-[DUMMYnode]
  | | |   | |     +-[CommaOp]
  | | |   | |     | | +-[DUMMYnode]
  | | |   | |     | +-[TypeIdOp]
  | | |   | |     |   +-[IDNode,3,"Point"]
  | | |   | |   +-[CommaOp]
  | | |   | |   | +-[IDNode,51,"p"]
  | | |   | | +-[DeclOp]
  | | |   | | | +-[DUMMYnode]
  | | |   | +-[BodyOp]
  | | |   |   +-[DUMMYnode]
  | | | +-[MethodOp]
  | | | | |     +-[DUMMYnode]
  | | | | |   +-[TypeIdOp]
  | | | | |   | +-[INTEGERTNode]
  | | | | | +-[SpecOp]
  | | | | | | |   +-[DUMMYnode]
  | | | | | | | +-[RArgTypeOp]
  | | | | | | | | | +-[INTEGERTNode]
  | | | | | | | | +-[CommaOp]
  | | | | | | | |   +-[IDNode,46,"par2"]
  | | | | | | +-[VargTypeOp]
  | | | | | |   | +-[INTEGERTNode]
  | | | | | |   +-[CommaOp]
  | | | | | |     +-[IDNode,41,"par1"]
  | | | | +-[HeadOp]
  | | | |   +-[IDNode,36,"main"]
  | | +-[BodyOp]
  | |   +-[DUMMYnode]
  +-[ClassOp]
    |   +-[IDNode,3,"Point"]
    | +-[ClassDefOp]
    | | |             +-[DUMMYnode]
    | | |           +-[IndexOp]
    | | |           | +-[DUMMYnode]
    | | |         +-[TypeIdOp]
    | | |         | +-[INTEGERTNode]
    | | |       +-[ArrayTypeOp]
    | | |       | | +-[NUMNode,5]
    | | |       | +-[CommaOp]
    | | |       |   | +-[NUMNode,4]
    | | |       |   +-[CommaOp]
    | | |       |     | +-[NUMNode,3]
    | | |       |     +-[CommaOp]
    | | |       |       | +-[NUMNode,2]
    | | |       |       +-[CommaOp]
    | | |       |         +-[DUMMYnode]
    | | |     +-[CommaOp]
    | | |     | |   +-[DUMMYnode]
    | | |     | | +-[IndexOp]
    | | |     | | | +-[DUMMYnode]
    | | |     | +-[TypeIdOp]
    | | |     |   +-[INTEGERTNode]
    | | |   +-[CommaOp]
    | | |   | +-[IDNode,26,"arr1"]
    | | | +-[DeclOp]
    | | | | +-[DUMMYnode]
    | | +-[BodyOp]
    | |   |         +-[INTEGERTNode]
    | |   |       +-[ArrayTypeOp]
    | |   |       | | +-[NUMNode,6]
    | |   |       | +-[BoundOp]
    | |   |       |   +-[DUMMYnode]
    | |   |     +-[CommaOp]
    | |   |     | |   +-[DUMMYnode]
    | |   |     | | +-[IndexOp]
    | |   |     | | | +-[DUMMYnode]
    | |   |     | +-[TypeIdOp]
    | |   |     |   +-[INTEGERTNode]
    | |   |   +-[CommaOp]
    | |   |   | +-[IDNode,21,"arr0"]
    | |   | +-[DeclOp]
    | |   | | +-[DUMMYnode]
    | |   +-[BodyOp]
    | |     |       +-[NUMNode,9]
    | |     |     +-[CommaOp]
    | |     |     | | +-[DUMMYnode]
    | |     |     | +-[TypeIdOp]
    | |     |     |   +-[INTEGERTNode]
    | |     |   +-[CommaOp]
    | |     |   | +-[IDNode,19,"y"]
    | |     | +-[DeclOp]
    | |     | | |     +-[NUMNode,8]
    | |     | | |   +-[CommaOp]
    | |     | | |   | | +-[DUMMYnode]
    | |     | | |   | +-[TypeIdOp]
    | |     | | |   |   +-[INTEGERTNode]
    | |     | | | +-[CommaOp]
    | |     | | | | +-[IDNode,17,"x"]
    | |     | | +-[DeclOp]
    | |     | |   +-[DUMMYnode]
    | |     +-[BodyOp]
    | |       |       +-[NUMNode,1]
    | |       |     +-[CommaOp]
    | |       |     | | +-[DUMMYnode]
    | |       |     | +-[TypeIdOp]
    | |       |     |   +-[INTEGERTNode]
    | |       |   +-[CommaOp]
    | |       |   | +-[IDNode,9,"npoints"]
    | |       | +-[DeclOp]
    | |       | | +-[DUMMYnode]
    | |       +-[BodyOp]
    | |         +-[DUMMYnode]
    +-[ClassOp]
      +-[DUMMYnode]
